The system is: Linux - 5.14.0-284.30.1.el9_2.x86_64 - x86_64
Compiling the C compiler identification source file "CMakeCCompilerId.c" succeeded.
Compiler: /opt/gnu/11.3.0/bin/gcc 
Build flags: 
Id flags:  

The output was:
0


Compilation of the C compiler identification source "CMakeCCompilerId.c" produced "a.out"

The C compiler identification is GNU, found in "/home/sstaccone/project/parallel_matrix_multiplication/cuda/CMakeFiles/3.20.2/CompilerIdC/a.out"

Compiling the CXX compiler identification source file "CMakeCXXCompilerId.cpp" succeeded.
Compiler: /opt/gnu/11.3.0/bin/g++ 
Build flags: 
Id flags:  

The output was:
0


Compilation of the CXX compiler identification source "CMakeCXXCompilerId.cpp" produced "a.out"

The CXX compiler identification is GNU, found in "/home/sstaccone/project/parallel_matrix_multiplication/cuda/CMakeFiles/3.20.2/CompilerIdCXX/a.out"

Detecting C compiler ABI info compiled with the following output:
Change Dir: /home/sstaccone/project/parallel_matrix_multiplication/cuda/CMakeFiles/CMakeTmp

Run Build Command(s):/usr/bin/gmake -f Makefile cmTC_87b00/fast && /usr/bin/gmake  -f CMakeFiles/cmTC_87b00.dir/build.make CMakeFiles/cmTC_87b00.dir/build
gmake[1]: Entering directory '/home/sstaccone/project/parallel_matrix_multiplication/cuda/CMakeFiles/CMakeTmp'
Building C object CMakeFiles/cmTC_87b00.dir/CMakeCCompilerABI.c.o
/opt/gnu/11.3.0/bin/gcc   -v -o CMakeFiles/cmTC_87b00.dir/CMakeCCompilerABI.c.o -c /usr/share/cmake/Modules/CMakeCCompilerABI.c
Using built-in specs.
COLLECT_GCC=/opt/gnu/11.3.0/bin/gcc
Target: x86_64-pc-linux-gnu
Configured with: ../gcc-11.3.0/configure --prefix=/opt/gnu/11.3.0 --enable-languages=c,c++,fortran
Thread model: posix
Supported LTO compression algorithms: zlib
gcc version 11.3.0 (GCC) 
COLLECT_GCC_OPTIONS='-v' '-o' 'CMakeFiles/cmTC_87b00.dir/CMakeCCompilerABI.c.o' '-c' '-mtune=generic' '-march=x86-64' '-dumpdir' 'CMakeFiles/cmTC_87b00.dir/'
 /opt/gnu/11.3.0/libexec/gcc/x86_64-pc-linux-gnu/11.3.0/cc1 -quiet -v /usr/share/cmake/Modules/CMakeCCompilerABI.c -quiet -dumpdir CMakeFiles/cmTC_87b00.dir/ -dumpbase CMakeCCompilerABI.c.c -dumpbase-ext .c -mtune=generic -march=x86-64 -version -o /tmp/ccOvKoFo.s
GNU C17 (GCC) version 11.3.0 (x86_64-pc-linux-gnu)
	compiled by GNU C version 11.3.0, GMP version 6.2.1, MPFR version 4.1.0, MPC version 1.2.0, isl version isl-0.18-GMP

GGC heuristics: --param ggc-min-expand=100 --param ggc-min-heapsize=131072
ignoring nonexistent directory "/opt/gnu/11.3.0/lib/gcc/x86_64-pc-linux-gnu/11.3.0/../../../../x86_64-pc-linux-gnu/include"
#include "..." search starts here:
#include <...> search starts here:
 /opt/gnu/11.3.0/lib/gcc/x86_64-pc-linux-gnu/11.3.0/include
 /usr/local/include
 /opt/gnu/11.3.0/include
 /opt/gnu/11.3.0/lib/gcc/x86_64-pc-linux-gnu/11.3.0/include-fixed
 /usr/include
End of search list.
GNU C17 (GCC) version 11.3.0 (x86_64-pc-linux-gnu)
	compiled by GNU C version 11.3.0, GMP version 6.2.1, MPFR version 4.1.0, MPC version 1.2.0, isl version isl-0.18-GMP

GGC heuristics: --param ggc-min-expand=100 --param ggc-min-heapsize=131072
Compiler executable checksum: 85d737a1a12e1c60c97a1b8e323d8e38
COLLECT_GCC_OPTIONS='-v' '-o' 'CMakeFiles/cmTC_87b00.dir/CMakeCCompilerABI.c.o' '-c' '-mtune=generic' '-march=x86-64' '-dumpdir' 'CMakeFiles/cmTC_87b00.dir/'
 as -v --64 -o CMakeFiles/cmTC_87b00.dir/CMakeCCompilerABI.c.o /tmp/ccOvKoFo.s
GNU assembler version 2.35.2 (x86_64-redhat-linux) using BFD version version 2.35.2-37.el9
COMPILER_PATH=/opt/gnu/11.3.0/libexec/gcc/x86_64-pc-linux-gnu/11.3.0/:/opt/gnu/11.3.0/libexec/gcc/x86_64-pc-linux-gnu/11.3.0/:/opt/gnu/11.3.0/libexec/gcc/x86_64-pc-linux-gnu/:/opt/gnu/11.3.0/lib/gcc/x86_64-pc-linux-gnu/11.3.0/:/opt/gnu/11.3.0/lib/gcc/x86_64-pc-linux-gnu/
LIBRARY_PATH=/opt/gnu/11.3.0/lib/gcc/x86_64-pc-linux-gnu/11.3.0/:/opt/gnu/11.3.0/lib/gcc/x86_64-pc-linux-gnu/11.3.0/../../../../lib64/:/lib/../lib64/:/usr/lib/../lib64/:/opt/gnu/11.3.0/lib/gcc/x86_64-pc-linux-gnu/11.3.0/../../../:/lib/:/usr/lib/
COLLECT_GCC_OPTIONS='-v' '-o' 'CMakeFiles/cmTC_87b00.dir/CMakeCCompilerABI.c.o' '-c' '-mtune=generic' '-march=x86-64' '-dumpdir' 'CMakeFiles/cmTC_87b00.dir/CMakeCCompilerABI.c.'
Linking C executable cmTC_87b00
/usr/bin/cmake -E cmake_link_script CMakeFiles/cmTC_87b00.dir/link.txt --verbose=1
/opt/gnu/11.3.0/bin/gcc  -v -rdynamic CMakeFiles/cmTC_87b00.dir/CMakeCCompilerABI.c.o -o cmTC_87b00 
Using built-in specs.
COLLECT_GCC=/opt/gnu/11.3.0/bin/gcc
COLLECT_LTO_WRAPPER=/opt/gnu/11.3.0/libexec/gcc/x86_64-pc-linux-gnu/11.3.0/lto-wrapper
Target: x86_64-pc-linux-gnu
Configured with: ../gcc-11.3.0/configure --prefix=/opt/gnu/11.3.0 --enable-languages=c,c++,fortran
Thread model: posix
Supported LTO compression algorithms: zlib
gcc version 11.3.0 (GCC) 
COMPILER_PATH=/opt/gnu/11.3.0/libexec/gcc/x86_64-pc-linux-gnu/11.3.0/:/opt/gnu/11.3.0/libexec/gcc/x86_64-pc-linux-gnu/11.3.0/:/opt/gnu/11.3.0/libexec/gcc/x86_64-pc-linux-gnu/:/opt/gnu/11.3.0/lib/gcc/x86_64-pc-linux-gnu/11.3.0/:/opt/gnu/11.3.0/lib/gcc/x86_64-pc-linux-gnu/
LIBRARY_PATH=/opt/gnu/11.3.0/lib/gcc/x86_64-pc-linux-gnu/11.3.0/:/opt/gnu/11.3.0/lib/gcc/x86_64-pc-linux-gnu/11.3.0/../../../../lib64/:/lib/../lib64/:/usr/lib/../lib64/:/opt/gnu/11.3.0/lib/gcc/x86_64-pc-linux-gnu/11.3.0/../../../:/lib/:/usr/lib/
COLLECT_GCC_OPTIONS='-v' '-rdynamic' '-o' 'cmTC_87b00' '-mtune=generic' '-march=x86-64' '-dumpdir' 'cmTC_87b00.'
 /opt/gnu/11.3.0/libexec/gcc/x86_64-pc-linux-gnu/11.3.0/collect2 -plugin /opt/gnu/11.3.0/libexec/gcc/x86_64-pc-linux-gnu/11.3.0/liblto_plugin.so -plugin-opt=/opt/gnu/11.3.0/libexec/gcc/x86_64-pc-linux-gnu/11.3.0/lto-wrapper -plugin-opt=-fresolution=/tmp/cc3MV7qT.res -plugin-opt=-pass-through=-lgcc -plugin-opt=-pass-through=-lgcc_s -plugin-opt=-pass-through=-lc -plugin-opt=-pass-through=-lgcc -plugin-opt=-pass-through=-lgcc_s --eh-frame-hdr -m elf_x86_64 -export-dynamic -dynamic-linker /lib64/ld-linux-x86-64.so.2 -o cmTC_87b00 /lib/../lib64/crt1.o /lib/../lib64/crti.o /opt/gnu/11.3.0/lib/gcc/x86_64-pc-linux-gnu/11.3.0/crtbegin.o -L/opt/gnu/11.3.0/lib/gcc/x86_64-pc-linux-gnu/11.3.0 -L/opt/gnu/11.3.0/lib/gcc/x86_64-pc-linux-gnu/11.3.0/../../../../lib64 -L/lib/../lib64 -L/usr/lib/../lib64 -L/opt/gnu/11.3.0/lib/gcc/x86_64-pc-linux-gnu/11.3.0/../../.. CMakeFiles/cmTC_87b00.dir/CMakeCCompilerABI.c.o -lgcc --push-state --as-needed -lgcc_s --pop-state -lc -lgcc --push-state --as-needed -lgcc_s --pop-state /opt/gnu/11.3.0/lib/gcc/x86_64-pc-linux-gnu/11.3.0/crtend.o /lib/../lib64/crtn.o
COLLECT_GCC_OPTIONS='-v' '-rdynamic' '-o' 'cmTC_87b00' '-mtune=generic' '-march=x86-64' '-dumpdir' 'cmTC_87b00.'
gmake[1]: Leaving directory '/home/sstaccone/project/parallel_matrix_multiplication/cuda/CMakeFiles/CMakeTmp'



Parsed C implicit include dir info from above output: rv=done
  found start of include info
  found start of implicit include info
    add: [/opt/gnu/11.3.0/lib/gcc/x86_64-pc-linux-gnu/11.3.0/include]
    add: [/usr/local/include]
    add: [/opt/gnu/11.3.0/include]
    add: [/opt/gnu/11.3.0/lib/gcc/x86_64-pc-linux-gnu/11.3.0/include-fixed]
    add: [/usr/include]
  end of search list found
  collapse include dir [/opt/gnu/11.3.0/lib/gcc/x86_64-pc-linux-gnu/11.3.0/include] ==> [/opt/gnu/11.3.0/lib/gcc/x86_64-pc-linux-gnu/11.3.0/include]
  collapse include dir [/usr/local/include] ==> [/usr/local/include]
  collapse include dir [/opt/gnu/11.3.0/include] ==> [/opt/gnu/11.3.0/include]
  collapse include dir [/opt/gnu/11.3.0/lib/gcc/x86_64-pc-linux-gnu/11.3.0/include-fixed] ==> [/opt/gnu/11.3.0/lib/gcc/x86_64-pc-linux-gnu/11.3.0/include-fixed]
  collapse include dir [/usr/include] ==> [/usr/include]
  implicit include dirs: [/opt/gnu/11.3.0/lib/gcc/x86_64-pc-linux-gnu/11.3.0/include;/usr/local/include;/opt/gnu/11.3.0/include;/opt/gnu/11.3.0/lib/gcc/x86_64-pc-linux-gnu/11.3.0/include-fixed;/usr/include]


Parsed C implicit link information from above output:
  link line regex: [^( *|.*[/\])(ld|CMAKE_LINK_STARTFILE-NOTFOUND|([^/\]+-)?ld|collect2)[^/\]*( |$)]
  ignore line: [Change Dir: /home/sstaccone/project/parallel_matrix_multiplication/cuda/CMakeFiles/CMakeTmp]
  ignore line: []
  ignore line: [Run Build Command(s):/usr/bin/gmake -f Makefile cmTC_87b00/fast && /usr/bin/gmake  -f CMakeFiles/cmTC_87b00.dir/build.make CMakeFiles/cmTC_87b00.dir/build]
  ignore line: [gmake[1]: Entering directory '/home/sstaccone/project/parallel_matrix_multiplication/cuda/CMakeFiles/CMakeTmp']
  ignore line: [Building C object CMakeFiles/cmTC_87b00.dir/CMakeCCompilerABI.c.o]
  ignore line: [/opt/gnu/11.3.0/bin/gcc   -v -o CMakeFiles/cmTC_87b00.dir/CMakeCCompilerABI.c.o -c /usr/share/cmake/Modules/CMakeCCompilerABI.c]
  ignore line: [Using built-in specs.]
  ignore line: [COLLECT_GCC=/opt/gnu/11.3.0/bin/gcc]
  ignore line: [Target: x86_64-pc-linux-gnu]
  ignore line: [Configured with: ../gcc-11.3.0/configure --prefix=/opt/gnu/11.3.0 --enable-languages=c c++ fortran]
  ignore line: [Thread model: posix]
  ignore line: [Supported LTO compression algorithms: zlib]
  ignore line: [gcc version 11.3.0 (GCC) ]
  ignore line: [COLLECT_GCC_OPTIONS='-v' '-o' 'CMakeFiles/cmTC_87b00.dir/CMakeCCompilerABI.c.o' '-c' '-mtune=generic' '-march=x86-64' '-dumpdir' 'CMakeFiles/cmTC_87b00.dir/']
  ignore line: [ /opt/gnu/11.3.0/libexec/gcc/x86_64-pc-linux-gnu/11.3.0/cc1 -quiet -v /usr/share/cmake/Modules/CMakeCCompilerABI.c -quiet -dumpdir CMakeFiles/cmTC_87b00.dir/ -dumpbase CMakeCCompilerABI.c.c -dumpbase-ext .c -mtune=generic -march=x86-64 -version -o /tmp/ccOvKoFo.s]
  ignore line: [GNU C17 (GCC) version 11.3.0 (x86_64-pc-linux-gnu)]
  ignore line: [	compiled by GNU C version 11.3.0  GMP version 6.2.1  MPFR version 4.1.0  MPC version 1.2.0  isl version isl-0.18-GMP]
  ignore line: []
  ignore line: [GGC heuristics: --param ggc-min-expand=100 --param ggc-min-heapsize=131072]
  ignore line: [ignoring nonexistent directory "/opt/gnu/11.3.0/lib/gcc/x86_64-pc-linux-gnu/11.3.0/../../../../x86_64-pc-linux-gnu/include"]
  ignore line: [#include "..." search starts here:]
  ignore line: [#include <...> search starts here:]
  ignore line: [ /opt/gnu/11.3.0/lib/gcc/x86_64-pc-linux-gnu/11.3.0/include]
  ignore line: [ /usr/local/include]
  ignore line: [ /opt/gnu/11.3.0/include]
  ignore line: [ /opt/gnu/11.3.0/lib/gcc/x86_64-pc-linux-gnu/11.3.0/include-fixed]
  ignore line: [ /usr/include]
  ignore line: [End of search list.]
  ignore line: [GNU C17 (GCC) version 11.3.0 (x86_64-pc-linux-gnu)]
  ignore line: [	compiled by GNU C version 11.3.0  GMP version 6.2.1  MPFR version 4.1.0  MPC version 1.2.0  isl version isl-0.18-GMP]
  ignore line: []
  ignore line: [GGC heuristics: --param ggc-min-expand=100 --param ggc-min-heapsize=131072]
  ignore line: [Compiler executable checksum: 85d737a1a12e1c60c97a1b8e323d8e38]
  ignore line: [COLLECT_GCC_OPTIONS='-v' '-o' 'CMakeFiles/cmTC_87b00.dir/CMakeCCompilerABI.c.o' '-c' '-mtune=generic' '-march=x86-64' '-dumpdir' 'CMakeFiles/cmTC_87b00.dir/']
  ignore line: [ as -v --64 -o CMakeFiles/cmTC_87b00.dir/CMakeCCompilerABI.c.o /tmp/ccOvKoFo.s]
  ignore line: [GNU assembler version 2.35.2 (x86_64-redhat-linux) using BFD version version 2.35.2-37.el9]
  ignore line: [COMPILER_PATH=/opt/gnu/11.3.0/libexec/gcc/x86_64-pc-linux-gnu/11.3.0/:/opt/gnu/11.3.0/libexec/gcc/x86_64-pc-linux-gnu/11.3.0/:/opt/gnu/11.3.0/libexec/gcc/x86_64-pc-linux-gnu/:/opt/gnu/11.3.0/lib/gcc/x86_64-pc-linux-gnu/11.3.0/:/opt/gnu/11.3.0/lib/gcc/x86_64-pc-linux-gnu/]
  ignore line: [LIBRARY_PATH=/opt/gnu/11.3.0/lib/gcc/x86_64-pc-linux-gnu/11.3.0/:/opt/gnu/11.3.0/lib/gcc/x86_64-pc-linux-gnu/11.3.0/../../../../lib64/:/lib/../lib64/:/usr/lib/../lib64/:/opt/gnu/11.3.0/lib/gcc/x86_64-pc-linux-gnu/11.3.0/../../../:/lib/:/usr/lib/]
  ignore line: [COLLECT_GCC_OPTIONS='-v' '-o' 'CMakeFiles/cmTC_87b00.dir/CMakeCCompilerABI.c.o' '-c' '-mtune=generic' '-march=x86-64' '-dumpdir' 'CMakeFiles/cmTC_87b00.dir/CMakeCCompilerABI.c.']
  ignore line: [Linking C executable cmTC_87b00]
  ignore line: [/usr/bin/cmake -E cmake_link_script CMakeFiles/cmTC_87b00.dir/link.txt --verbose=1]
  ignore line: [/opt/gnu/11.3.0/bin/gcc  -v -rdynamic CMakeFiles/cmTC_87b00.dir/CMakeCCompilerABI.c.o -o cmTC_87b00 ]
  ignore line: [Using built-in specs.]
  ignore line: [COLLECT_GCC=/opt/gnu/11.3.0/bin/gcc]
  ignore line: [COLLECT_LTO_WRAPPER=/opt/gnu/11.3.0/libexec/gcc/x86_64-pc-linux-gnu/11.3.0/lto-wrapper]
  ignore line: [Target: x86_64-pc-linux-gnu]
  ignore line: [Configured with: ../gcc-11.3.0/configure --prefix=/opt/gnu/11.3.0 --enable-languages=c c++ fortran]
  ignore line: [Thread model: posix]
  ignore line: [Supported LTO compression algorithms: zlib]
  ignore line: [gcc version 11.3.0 (GCC) ]
  ignore line: [COMPILER_PATH=/opt/gnu/11.3.0/libexec/gcc/x86_64-pc-linux-gnu/11.3.0/:/opt/gnu/11.3.0/libexec/gcc/x86_64-pc-linux-gnu/11.3.0/:/opt/gnu/11.3.0/libexec/gcc/x86_64-pc-linux-gnu/:/opt/gnu/11.3.0/lib/gcc/x86_64-pc-linux-gnu/11.3.0/:/opt/gnu/11.3.0/lib/gcc/x86_64-pc-linux-gnu/]
  ignore line: [LIBRARY_PATH=/opt/gnu/11.3.0/lib/gcc/x86_64-pc-linux-gnu/11.3.0/:/opt/gnu/11.3.0/lib/gcc/x86_64-pc-linux-gnu/11.3.0/../../../../lib64/:/lib/../lib64/:/usr/lib/../lib64/:/opt/gnu/11.3.0/lib/gcc/x86_64-pc-linux-gnu/11.3.0/../../../:/lib/:/usr/lib/]
  ignore line: [COLLECT_GCC_OPTIONS='-v' '-rdynamic' '-o' 'cmTC_87b00' '-mtune=generic' '-march=x86-64' '-dumpdir' 'cmTC_87b00.']
  link line: [ /opt/gnu/11.3.0/libexec/gcc/x86_64-pc-linux-gnu/11.3.0/collect2 -plugin /opt/gnu/11.3.0/libexec/gcc/x86_64-pc-linux-gnu/11.3.0/liblto_plugin.so -plugin-opt=/opt/gnu/11.3.0/libexec/gcc/x86_64-pc-linux-gnu/11.3.0/lto-wrapper -plugin-opt=-fresolution=/tmp/cc3MV7qT.res -plugin-opt=-pass-through=-lgcc -plugin-opt=-pass-through=-lgcc_s -plugin-opt=-pass-through=-lc -plugin-opt=-pass-through=-lgcc -plugin-opt=-pass-through=-lgcc_s --eh-frame-hdr -m elf_x86_64 -export-dynamic -dynamic-linker /lib64/ld-linux-x86-64.so.2 -o cmTC_87b00 /lib/../lib64/crt1.o /lib/../lib64/crti.o /opt/gnu/11.3.0/lib/gcc/x86_64-pc-linux-gnu/11.3.0/crtbegin.o -L/opt/gnu/11.3.0/lib/gcc/x86_64-pc-linux-gnu/11.3.0 -L/opt/gnu/11.3.0/lib/gcc/x86_64-pc-linux-gnu/11.3.0/../../../../lib64 -L/lib/../lib64 -L/usr/lib/../lib64 -L/opt/gnu/11.3.0/lib/gcc/x86_64-pc-linux-gnu/11.3.0/../../.. CMakeFiles/cmTC_87b00.dir/CMakeCCompilerABI.c.o -lgcc --push-state --as-needed -lgcc_s --pop-state -lc -lgcc --push-state --as-needed -lgcc_s --pop-state /opt/gnu/11.3.0/lib/gcc/x86_64-pc-linux-gnu/11.3.0/crtend.o /lib/../lib64/crtn.o]
    arg [/opt/gnu/11.3.0/libexec/gcc/x86_64-pc-linux-gnu/11.3.0/collect2] ==> ignore
    arg [-plugin] ==> ignore
    arg [/opt/gnu/11.3.0/libexec/gcc/x86_64-pc-linux-gnu/11.3.0/liblto_plugin.so] ==> ignore
    arg [-plugin-opt=/opt/gnu/11.3.0/libexec/gcc/x86_64-pc-linux-gnu/11.3.0/lto-wrapper] ==> ignore
    arg [-plugin-opt=-fresolution=/tmp/cc3MV7qT.res] ==> ignore
    arg [-plugin-opt=-pass-through=-lgcc] ==> ignore
    arg [-plugin-opt=-pass-through=-lgcc_s] ==> ignore
    arg [-plugin-opt=-pass-through=-lc] ==> ignore
    arg [-plugin-opt=-pass-through=-lgcc] ==> ignore
    arg [-plugin-opt=-pass-through=-lgcc_s] ==> ignore
    arg [--eh-frame-hdr] ==> ignore
    arg [-m] ==> ignore
    arg [elf_x86_64] ==> ignore
    arg [-export-dynamic] ==> ignore
    arg [-dynamic-linker] ==> ignore
    arg [/lib64/ld-linux-x86-64.so.2] ==> ignore
    arg [-o] ==> ignore
    arg [cmTC_87b00] ==> ignore
    arg [/lib/../lib64/crt1.o] ==> obj [/lib/../lib64/crt1.o]
    arg [/lib/../lib64/crti.o] ==> obj [/lib/../lib64/crti.o]
    arg [/opt/gnu/11.3.0/lib/gcc/x86_64-pc-linux-gnu/11.3.0/crtbegin.o] ==> obj [/opt/gnu/11.3.0/lib/gcc/x86_64-pc-linux-gnu/11.3.0/crtbegin.o]
    arg [-L/opt/gnu/11.3.0/lib/gcc/x86_64-pc-linux-gnu/11.3.0] ==> dir [/opt/gnu/11.3.0/lib/gcc/x86_64-pc-linux-gnu/11.3.0]
    arg [-L/opt/gnu/11.3.0/lib/gcc/x86_64-pc-linux-gnu/11.3.0/../../../../lib64] ==> dir [/opt/gnu/11.3.0/lib/gcc/x86_64-pc-linux-gnu/11.3.0/../../../../lib64]
    arg [-L/lib/../lib64] ==> dir [/lib/../lib64]
    arg [-L/usr/lib/../lib64] ==> dir [/usr/lib/../lib64]
    arg [-L/opt/gnu/11.3.0/lib/gcc/x86_64-pc-linux-gnu/11.3.0/../../..] ==> dir [/opt/gnu/11.3.0/lib/gcc/x86_64-pc-linux-gnu/11.3.0/../../..]
    arg [CMakeFiles/cmTC_87b00.dir/CMakeCCompilerABI.c.o] ==> ignore
    arg [-lgcc] ==> lib [gcc]
    arg [--push-state] ==> ignore
    arg [--as-needed] ==> ignore
    arg [-lgcc_s] ==> lib [gcc_s]
    arg [--pop-state] ==> ignore
    arg [-lc] ==> lib [c]
    arg [-lgcc] ==> lib [gcc]
    arg [--push-state] ==> ignore
    arg [--as-needed] ==> ignore
    arg [-lgcc_s] ==> lib [gcc_s]
    arg [--pop-state] ==> ignore
    arg [/opt/gnu/11.3.0/lib/gcc/x86_64-pc-linux-gnu/11.3.0/crtend.o] ==> obj [/opt/gnu/11.3.0/lib/gcc/x86_64-pc-linux-gnu/11.3.0/crtend.o]
    arg [/lib/../lib64/crtn.o] ==> obj [/lib/../lib64/crtn.o]
  collapse obj [/lib/../lib64/crt1.o] ==> [/lib64/crt1.o]
  collapse obj [/lib/../lib64/crti.o] ==> [/lib64/crti.o]
  collapse obj [/lib/../lib64/crtn.o] ==> [/lib64/crtn.o]
  collapse library dir [/opt/gnu/11.3.0/lib/gcc/x86_64-pc-linux-gnu/11.3.0] ==> [/opt/gnu/11.3.0/lib/gcc/x86_64-pc-linux-gnu/11.3.0]
  collapse library dir [/opt/gnu/11.3.0/lib/gcc/x86_64-pc-linux-gnu/11.3.0/../../../../lib64] ==> [/opt/gnu/11.3.0/lib64]
  collapse library dir [/lib/../lib64] ==> [/lib64]
  collapse library dir [/usr/lib/../lib64] ==> [/usr/lib64]
  collapse library dir [/opt/gnu/11.3.0/lib/gcc/x86_64-pc-linux-gnu/11.3.0/../../..] ==> [/opt/gnu/11.3.0/lib]
  implicit libs: [gcc;gcc_s;c;gcc;gcc_s]
  implicit objs: [/lib64/crt1.o;/lib64/crti.o;/opt/gnu/11.3.0/lib/gcc/x86_64-pc-linux-gnu/11.3.0/crtbegin.o;/opt/gnu/11.3.0/lib/gcc/x86_64-pc-linux-gnu/11.3.0/crtend.o;/lib64/crtn.o]
  implicit dirs: [/opt/gnu/11.3.0/lib/gcc/x86_64-pc-linux-gnu/11.3.0;/opt/gnu/11.3.0/lib64;/lib64;/usr/lib64;/opt/gnu/11.3.0/lib]
  implicit fwks: []


Detecting CXX compiler ABI info compiled with the following output:
Change Dir: /home/sstaccone/project/parallel_matrix_multiplication/cuda/CMakeFiles/CMakeTmp

Run Build Command(s):/usr/bin/gmake -f Makefile cmTC_237c4/fast && /usr/bin/gmake  -f CMakeFiles/cmTC_237c4.dir/build.make CMakeFiles/cmTC_237c4.dir/build
gmake[1]: Entering directory '/home/sstaccone/project/parallel_matrix_multiplication/cuda/CMakeFiles/CMakeTmp'
Building CXX object CMakeFiles/cmTC_237c4.dir/CMakeCXXCompilerABI.cpp.o
/opt/gnu/11.3.0/bin/g++   -v -o CMakeFiles/cmTC_237c4.dir/CMakeCXXCompilerABI.cpp.o -c /usr/share/cmake/Modules/CMakeCXXCompilerABI.cpp
Using built-in specs.
COLLECT_GCC=/opt/gnu/11.3.0/bin/g++
Target: x86_64-pc-linux-gnu
Configured with: ../gcc-11.3.0/configure --prefix=/opt/gnu/11.3.0 --enable-languages=c,c++,fortran
Thread model: posix
Supported LTO compression algorithms: zlib
gcc version 11.3.0 (GCC) 
COLLECT_GCC_OPTIONS='-v' '-o' 'CMakeFiles/cmTC_237c4.dir/CMakeCXXCompilerABI.cpp.o' '-c' '-shared-libgcc' '-mtune=generic' '-march=x86-64' '-dumpdir' 'CMakeFiles/cmTC_237c4.dir/'
 /opt/gnu/11.3.0/libexec/gcc/x86_64-pc-linux-gnu/11.3.0/cc1plus -quiet -v -D_GNU_SOURCE /usr/share/cmake/Modules/CMakeCXXCompilerABI.cpp -quiet -dumpdir CMakeFiles/cmTC_237c4.dir/ -dumpbase CMakeCXXCompilerABI.cpp.cpp -dumpbase-ext .cpp -mtune=generic -march=x86-64 -version -o /tmp/ccXaWZ40.s
GNU C++17 (GCC) version 11.3.0 (x86_64-pc-linux-gnu)
	compiled by GNU C version 11.3.0, GMP version 6.2.1, MPFR version 4.1.0, MPC version 1.2.0, isl version isl-0.18-GMP

GGC heuristics: --param ggc-min-expand=100 --param ggc-min-heapsize=131072
ignoring nonexistent directory "/opt/gnu/11.3.0/lib/gcc/x86_64-pc-linux-gnu/11.3.0/../../../../x86_64-pc-linux-gnu/include"
#include "..." search starts here:
#include <...> search starts here:
 /opt/gnu/11.3.0/lib/gcc/x86_64-pc-linux-gnu/11.3.0/../../../../include/c++/11.3.0
 /opt/gnu/11.3.0/lib/gcc/x86_64-pc-linux-gnu/11.3.0/../../../../include/c++/11.3.0/x86_64-pc-linux-gnu
 /opt/gnu/11.3.0/lib/gcc/x86_64-pc-linux-gnu/11.3.0/../../../../include/c++/11.3.0/backward
 /opt/gnu/11.3.0/lib/gcc/x86_64-pc-linux-gnu/11.3.0/include
 /usr/local/include
 /opt/gnu/11.3.0/include
 /opt/gnu/11.3.0/lib/gcc/x86_64-pc-linux-gnu/11.3.0/include-fixed
 /usr/include
End of search list.
GNU C++17 (GCC) version 11.3.0 (x86_64-pc-linux-gnu)
	compiled by GNU C version 11.3.0, GMP version 6.2.1, MPFR version 4.1.0, MPC version 1.2.0, isl version isl-0.18-GMP

GGC heuristics: --param ggc-min-expand=100 --param ggc-min-heapsize=131072
Compiler executable checksum: c27e97c75b1b809d658fb7b18b094289
COLLECT_GCC_OPTIONS='-v' '-o' 'CMakeFiles/cmTC_237c4.dir/CMakeCXXCompilerABI.cpp.o' '-c' '-shared-libgcc' '-mtune=generic' '-march=x86-64' '-dumpdir' 'CMakeFiles/cmTC_237c4.dir/'
 as -v --64 -o CMakeFiles/cmTC_237c4.dir/CMakeCXXCompilerABI.cpp.o /tmp/ccXaWZ40.s
GNU assembler version 2.35.2 (x86_64-redhat-linux) using BFD version version 2.35.2-37.el9
COMPILER_PATH=/opt/gnu/11.3.0/libexec/gcc/x86_64-pc-linux-gnu/11.3.0/:/opt/gnu/11.3.0/libexec/gcc/x86_64-pc-linux-gnu/11.3.0/:/opt/gnu/11.3.0/libexec/gcc/x86_64-pc-linux-gnu/:/opt/gnu/11.3.0/lib/gcc/x86_64-pc-linux-gnu/11.3.0/:/opt/gnu/11.3.0/lib/gcc/x86_64-pc-linux-gnu/
LIBRARY_PATH=/opt/gnu/11.3.0/lib/gcc/x86_64-pc-linux-gnu/11.3.0/:/opt/gnu/11.3.0/lib/gcc/x86_64-pc-linux-gnu/11.3.0/../../../../lib64/:/lib/../lib64/:/usr/lib/../lib64/:/opt/gnu/11.3.0/lib/gcc/x86_64-pc-linux-gnu/11.3.0/../../../:/lib/:/usr/lib/
COLLECT_GCC_OPTIONS='-v' '-o' 'CMakeFiles/cmTC_237c4.dir/CMakeCXXCompilerABI.cpp.o' '-c' '-shared-libgcc' '-mtune=generic' '-march=x86-64' '-dumpdir' 'CMakeFiles/cmTC_237c4.dir/CMakeCXXCompilerABI.cpp.'
Linking CXX executable cmTC_237c4
/usr/bin/cmake -E cmake_link_script CMakeFiles/cmTC_237c4.dir/link.txt --verbose=1
/opt/gnu/11.3.0/bin/g++  -v -rdynamic CMakeFiles/cmTC_237c4.dir/CMakeCXXCompilerABI.cpp.o -o cmTC_237c4 
Using built-in specs.
COLLECT_GCC=/opt/gnu/11.3.0/bin/g++
COLLECT_LTO_WRAPPER=/opt/gnu/11.3.0/libexec/gcc/x86_64-pc-linux-gnu/11.3.0/lto-wrapper
Target: x86_64-pc-linux-gnu
Configured with: ../gcc-11.3.0/configure --prefix=/opt/gnu/11.3.0 --enable-languages=c,c++,fortran
Thread model: posix
Supported LTO compression algorithms: zlib
gcc version 11.3.0 (GCC) 
COMPILER_PATH=/opt/gnu/11.3.0/libexec/gcc/x86_64-pc-linux-gnu/11.3.0/:/opt/gnu/11.3.0/libexec/gcc/x86_64-pc-linux-gnu/11.3.0/:/opt/gnu/11.3.0/libexec/gcc/x86_64-pc-linux-gnu/:/opt/gnu/11.3.0/lib/gcc/x86_64-pc-linux-gnu/11.3.0/:/opt/gnu/11.3.0/lib/gcc/x86_64-pc-linux-gnu/
LIBRARY_PATH=/opt/gnu/11.3.0/lib/gcc/x86_64-pc-linux-gnu/11.3.0/:/opt/gnu/11.3.0/lib/gcc/x86_64-pc-linux-gnu/11.3.0/../../../../lib64/:/lib/../lib64/:/usr/lib/../lib64/:/opt/gnu/11.3.0/lib/gcc/x86_64-pc-linux-gnu/11.3.0/../../../:/lib/:/usr/lib/
COLLECT_GCC_OPTIONS='-v' '-rdynamic' '-o' 'cmTC_237c4' '-shared-libgcc' '-mtune=generic' '-march=x86-64' '-dumpdir' 'cmTC_237c4.'
 /opt/gnu/11.3.0/libexec/gcc/x86_64-pc-linux-gnu/11.3.0/collect2 -plugin /opt/gnu/11.3.0/libexec/gcc/x86_64-pc-linux-gnu/11.3.0/liblto_plugin.so -plugin-opt=/opt/gnu/11.3.0/libexec/gcc/x86_64-pc-linux-gnu/11.3.0/lto-wrapper -plugin-opt=-fresolution=/tmp/ccgP0vhk.res -plugin-opt=-pass-through=-lgcc_s -plugin-opt=-pass-through=-lgcc -plugin-opt=-pass-through=-lc -plugin-opt=-pass-through=-lgcc_s -plugin-opt=-pass-through=-lgcc --eh-frame-hdr -m elf_x86_64 -export-dynamic -dynamic-linker /lib64/ld-linux-x86-64.so.2 -o cmTC_237c4 /lib/../lib64/crt1.o /lib/../lib64/crti.o /opt/gnu/11.3.0/lib/gcc/x86_64-pc-linux-gnu/11.3.0/crtbegin.o -L/opt/gnu/11.3.0/lib/gcc/x86_64-pc-linux-gnu/11.3.0 -L/opt/gnu/11.3.0/lib/gcc/x86_64-pc-linux-gnu/11.3.0/../../../../lib64 -L/lib/../lib64 -L/usr/lib/../lib64 -L/opt/gnu/11.3.0/lib/gcc/x86_64-pc-linux-gnu/11.3.0/../../.. CMakeFiles/cmTC_237c4.dir/CMakeCXXCompilerABI.cpp.o -lstdc++ -lm -lgcc_s -lgcc -lc -lgcc_s -lgcc /opt/gnu/11.3.0/lib/gcc/x86_64-pc-linux-gnu/11.3.0/crtend.o /lib/../lib64/crtn.o
COLLECT_GCC_OPTIONS='-v' '-rdynamic' '-o' 'cmTC_237c4' '-shared-libgcc' '-mtune=generic' '-march=x86-64' '-dumpdir' 'cmTC_237c4.'
gmake[1]: Leaving directory '/home/sstaccone/project/parallel_matrix_multiplication/cuda/CMakeFiles/CMakeTmp'



Parsed CXX implicit include dir info from above output: rv=done
  found start of include info
  found start of implicit include info
    add: [/opt/gnu/11.3.0/lib/gcc/x86_64-pc-linux-gnu/11.3.0/../../../../include/c++/11.3.0]
    add: [/opt/gnu/11.3.0/lib/gcc/x86_64-pc-linux-gnu/11.3.0/../../../../include/c++/11.3.0/x86_64-pc-linux-gnu]
    add: [/opt/gnu/11.3.0/lib/gcc/x86_64-pc-linux-gnu/11.3.0/../../../../include/c++/11.3.0/backward]
    add: [/opt/gnu/11.3.0/lib/gcc/x86_64-pc-linux-gnu/11.3.0/include]
    add: [/usr/local/include]
    add: [/opt/gnu/11.3.0/include]
    add: [/opt/gnu/11.3.0/lib/gcc/x86_64-pc-linux-gnu/11.3.0/include-fixed]
    add: [/usr/include]
  end of search list found
  collapse include dir [/opt/gnu/11.3.0/lib/gcc/x86_64-pc-linux-gnu/11.3.0/../../../../include/c++/11.3.0] ==> [/opt/gnu/11.3.0/include/c++/11.3.0]
  collapse include dir [/opt/gnu/11.3.0/lib/gcc/x86_64-pc-linux-gnu/11.3.0/../../../../include/c++/11.3.0/x86_64-pc-linux-gnu] ==> [/opt/gnu/11.3.0/include/c++/11.3.0/x86_64-pc-linux-gnu]
  collapse include dir [/opt/gnu/11.3.0/lib/gcc/x86_64-pc-linux-gnu/11.3.0/../../../../include/c++/11.3.0/backward] ==> [/opt/gnu/11.3.0/include/c++/11.3.0/backward]
  collapse include dir [/opt/gnu/11.3.0/lib/gcc/x86_64-pc-linux-gnu/11.3.0/include] ==> [/opt/gnu/11.3.0/lib/gcc/x86_64-pc-linux-gnu/11.3.0/include]
  collapse include dir [/usr/local/include] ==> [/usr/local/include]
  collapse include dir [/opt/gnu/11.3.0/include] ==> [/opt/gnu/11.3.0/include]
  collapse include dir [/opt/gnu/11.3.0/lib/gcc/x86_64-pc-linux-gnu/11.3.0/include-fixed] ==> [/opt/gnu/11.3.0/lib/gcc/x86_64-pc-linux-gnu/11.3.0/include-fixed]
  collapse include dir [/usr/include] ==> [/usr/include]
  implicit include dirs: [/opt/gnu/11.3.0/include/c++/11.3.0;/opt/gnu/11.3.0/include/c++/11.3.0/x86_64-pc-linux-gnu;/opt/gnu/11.3.0/include/c++/11.3.0/backward;/opt/gnu/11.3.0/lib/gcc/x86_64-pc-linux-gnu/11.3.0/include;/usr/local/include;/opt/gnu/11.3.0/include;/opt/gnu/11.3.0/lib/gcc/x86_64-pc-linux-gnu/11.3.0/include-fixed;/usr/include]


Parsed CXX implicit link information from above output:
  link line regex: [^( *|.*[/\])(ld|CMAKE_LINK_STARTFILE-NOTFOUND|([^/\]+-)?ld|collect2)[^/\]*( |$)]
  ignore line: [Change Dir: /home/sstaccone/project/parallel_matrix_multiplication/cuda/CMakeFiles/CMakeTmp]
  ignore line: []
  ignore line: [Run Build Command(s):/usr/bin/gmake -f Makefile cmTC_237c4/fast && /usr/bin/gmake  -f CMakeFiles/cmTC_237c4.dir/build.make CMakeFiles/cmTC_237c4.dir/build]
  ignore line: [gmake[1]: Entering directory '/home/sstaccone/project/parallel_matrix_multiplication/cuda/CMakeFiles/CMakeTmp']
  ignore line: [Building CXX object CMakeFiles/cmTC_237c4.dir/CMakeCXXCompilerABI.cpp.o]
  ignore line: [/opt/gnu/11.3.0/bin/g++   -v -o CMakeFiles/cmTC_237c4.dir/CMakeCXXCompilerABI.cpp.o -c /usr/share/cmake/Modules/CMakeCXXCompilerABI.cpp]
  ignore line: [Using built-in specs.]
  ignore line: [COLLECT_GCC=/opt/gnu/11.3.0/bin/g++]
  ignore line: [Target: x86_64-pc-linux-gnu]
  ignore line: [Configured with: ../gcc-11.3.0/configure --prefix=/opt/gnu/11.3.0 --enable-languages=c c++ fortran]
  ignore line: [Thread model: posix]
  ignore line: [Supported LTO compression algorithms: zlib]
  ignore line: [gcc version 11.3.0 (GCC) ]
  ignore line: [COLLECT_GCC_OPTIONS='-v' '-o' 'CMakeFiles/cmTC_237c4.dir/CMakeCXXCompilerABI.cpp.o' '-c' '-shared-libgcc' '-mtune=generic' '-march=x86-64' '-dumpdir' 'CMakeFiles/cmTC_237c4.dir/']
  ignore line: [ /opt/gnu/11.3.0/libexec/gcc/x86_64-pc-linux-gnu/11.3.0/cc1plus -quiet -v -D_GNU_SOURCE /usr/share/cmake/Modules/CMakeCXXCompilerABI.cpp -quiet -dumpdir CMakeFiles/cmTC_237c4.dir/ -dumpbase CMakeCXXCompilerABI.cpp.cpp -dumpbase-ext .cpp -mtune=generic -march=x86-64 -version -o /tmp/ccXaWZ40.s]
  ignore line: [GNU C++17 (GCC) version 11.3.0 (x86_64-pc-linux-gnu)]
  ignore line: [	compiled by GNU C version 11.3.0  GMP version 6.2.1  MPFR version 4.1.0  MPC version 1.2.0  isl version isl-0.18-GMP]
  ignore line: []
  ignore line: [GGC heuristics: --param ggc-min-expand=100 --param ggc-min-heapsize=131072]
  ignore line: [ignoring nonexistent directory "/opt/gnu/11.3.0/lib/gcc/x86_64-pc-linux-gnu/11.3.0/../../../../x86_64-pc-linux-gnu/include"]
  ignore line: [#include "..." search starts here:]
  ignore line: [#include <...> search starts here:]
  ignore line: [ /opt/gnu/11.3.0/lib/gcc/x86_64-pc-linux-gnu/11.3.0/../../../../include/c++/11.3.0]
  ignore line: [ /opt/gnu/11.3.0/lib/gcc/x86_64-pc-linux-gnu/11.3.0/../../../../include/c++/11.3.0/x86_64-pc-linux-gnu]
  ignore line: [ /opt/gnu/11.3.0/lib/gcc/x86_64-pc-linux-gnu/11.3.0/../../../../include/c++/11.3.0/backward]
  ignore line: [ /opt/gnu/11.3.0/lib/gcc/x86_64-pc-linux-gnu/11.3.0/include]
  ignore line: [ /usr/local/include]
  ignore line: [ /opt/gnu/11.3.0/include]
  ignore line: [ /opt/gnu/11.3.0/lib/gcc/x86_64-pc-linux-gnu/11.3.0/include-fixed]
  ignore line: [ /usr/include]
  ignore line: [End of search list.]
  ignore line: [GNU C++17 (GCC) version 11.3.0 (x86_64-pc-linux-gnu)]
  ignore line: [	compiled by GNU C version 11.3.0  GMP version 6.2.1  MPFR version 4.1.0  MPC version 1.2.0  isl version isl-0.18-GMP]
  ignore line: []
  ignore line: [GGC heuristics: --param ggc-min-expand=100 --param ggc-min-heapsize=131072]
  ignore line: [Compiler executable checksum: c27e97c75b1b809d658fb7b18b094289]
  ignore line: [COLLECT_GCC_OPTIONS='-v' '-o' 'CMakeFiles/cmTC_237c4.dir/CMakeCXXCompilerABI.cpp.o' '-c' '-shared-libgcc' '-mtune=generic' '-march=x86-64' '-dumpdir' 'CMakeFiles/cmTC_237c4.dir/']
  ignore line: [ as -v --64 -o CMakeFiles/cmTC_237c4.dir/CMakeCXXCompilerABI.cpp.o /tmp/ccXaWZ40.s]
  ignore line: [GNU assembler version 2.35.2 (x86_64-redhat-linux) using BFD version version 2.35.2-37.el9]
  ignore line: [COMPILER_PATH=/opt/gnu/11.3.0/libexec/gcc/x86_64-pc-linux-gnu/11.3.0/:/opt/gnu/11.3.0/libexec/gcc/x86_64-pc-linux-gnu/11.3.0/:/opt/gnu/11.3.0/libexec/gcc/x86_64-pc-linux-gnu/:/opt/gnu/11.3.0/lib/gcc/x86_64-pc-linux-gnu/11.3.0/:/opt/gnu/11.3.0/lib/gcc/x86_64-pc-linux-gnu/]
  ignore line: [LIBRARY_PATH=/opt/gnu/11.3.0/lib/gcc/x86_64-pc-linux-gnu/11.3.0/:/opt/gnu/11.3.0/lib/gcc/x86_64-pc-linux-gnu/11.3.0/../../../../lib64/:/lib/../lib64/:/usr/lib/../lib64/:/opt/gnu/11.3.0/lib/gcc/x86_64-pc-linux-gnu/11.3.0/../../../:/lib/:/usr/lib/]
  ignore line: [COLLECT_GCC_OPTIONS='-v' '-o' 'CMakeFiles/cmTC_237c4.dir/CMakeCXXCompilerABI.cpp.o' '-c' '-shared-libgcc' '-mtune=generic' '-march=x86-64' '-dumpdir' 'CMakeFiles/cmTC_237c4.dir/CMakeCXXCompilerABI.cpp.']
  ignore line: [Linking CXX executable cmTC_237c4]
  ignore line: [/usr/bin/cmake -E cmake_link_script CMakeFiles/cmTC_237c4.dir/link.txt --verbose=1]
  ignore line: [/opt/gnu/11.3.0/bin/g++  -v -rdynamic CMakeFiles/cmTC_237c4.dir/CMakeCXXCompilerABI.cpp.o -o cmTC_237c4 ]
  ignore line: [Using built-in specs.]
  ignore line: [COLLECT_GCC=/opt/gnu/11.3.0/bin/g++]
  ignore line: [COLLECT_LTO_WRAPPER=/opt/gnu/11.3.0/libexec/gcc/x86_64-pc-linux-gnu/11.3.0/lto-wrapper]
  ignore line: [Target: x86_64-pc-linux-gnu]
  ignore line: [Configured with: ../gcc-11.3.0/configure --prefix=/opt/gnu/11.3.0 --enable-languages=c c++ fortran]
  ignore line: [Thread model: posix]
  ignore line: [Supported LTO compression algorithms: zlib]
  ignore line: [gcc version 11.3.0 (GCC) ]
  ignore line: [COMPILER_PATH=/opt/gnu/11.3.0/libexec/gcc/x86_64-pc-linux-gnu/11.3.0/:/opt/gnu/11.3.0/libexec/gcc/x86_64-pc-linux-gnu/11.3.0/:/opt/gnu/11.3.0/libexec/gcc/x86_64-pc-linux-gnu/:/opt/gnu/11.3.0/lib/gcc/x86_64-pc-linux-gnu/11.3.0/:/opt/gnu/11.3.0/lib/gcc/x86_64-pc-linux-gnu/]
  ignore line: [LIBRARY_PATH=/opt/gnu/11.3.0/lib/gcc/x86_64-pc-linux-gnu/11.3.0/:/opt/gnu/11.3.0/lib/gcc/x86_64-pc-linux-gnu/11.3.0/../../../../lib64/:/lib/../lib64/:/usr/lib/../lib64/:/opt/gnu/11.3.0/lib/gcc/x86_64-pc-linux-gnu/11.3.0/../../../:/lib/:/usr/lib/]
  ignore line: [COLLECT_GCC_OPTIONS='-v' '-rdynamic' '-o' 'cmTC_237c4' '-shared-libgcc' '-mtune=generic' '-march=x86-64' '-dumpdir' 'cmTC_237c4.']
  link line: [ /opt/gnu/11.3.0/libexec/gcc/x86_64-pc-linux-gnu/11.3.0/collect2 -plugin /opt/gnu/11.3.0/libexec/gcc/x86_64-pc-linux-gnu/11.3.0/liblto_plugin.so -plugin-opt=/opt/gnu/11.3.0/libexec/gcc/x86_64-pc-linux-gnu/11.3.0/lto-wrapper -plugin-opt=-fresolution=/tmp/ccgP0vhk.res -plugin-opt=-pass-through=-lgcc_s -plugin-opt=-pass-through=-lgcc -plugin-opt=-pass-through=-lc -plugin-opt=-pass-through=-lgcc_s -plugin-opt=-pass-through=-lgcc --eh-frame-hdr -m elf_x86_64 -export-dynamic -dynamic-linker /lib64/ld-linux-x86-64.so.2 -o cmTC_237c4 /lib/../lib64/crt1.o /lib/../lib64/crti.o /opt/gnu/11.3.0/lib/gcc/x86_64-pc-linux-gnu/11.3.0/crtbegin.o -L/opt/gnu/11.3.0/lib/gcc/x86_64-pc-linux-gnu/11.3.0 -L/opt/gnu/11.3.0/lib/gcc/x86_64-pc-linux-gnu/11.3.0/../../../../lib64 -L/lib/../lib64 -L/usr/lib/../lib64 -L/opt/gnu/11.3.0/lib/gcc/x86_64-pc-linux-gnu/11.3.0/../../.. CMakeFiles/cmTC_237c4.dir/CMakeCXXCompilerABI.cpp.o -lstdc++ -lm -lgcc_s -lgcc -lc -lgcc_s -lgcc /opt/gnu/11.3.0/lib/gcc/x86_64-pc-linux-gnu/11.3.0/crtend.o /lib/../lib64/crtn.o]
    arg [/opt/gnu/11.3.0/libexec/gcc/x86_64-pc-linux-gnu/11.3.0/collect2] ==> ignore
    arg [-plugin] ==> ignore
    arg [/opt/gnu/11.3.0/libexec/gcc/x86_64-pc-linux-gnu/11.3.0/liblto_plugin.so] ==> ignore
    arg [-plugin-opt=/opt/gnu/11.3.0/libexec/gcc/x86_64-pc-linux-gnu/11.3.0/lto-wrapper] ==> ignore
    arg [-plugin-opt=-fresolution=/tmp/ccgP0vhk.res] ==> ignore
    arg [-plugin-opt=-pass-through=-lgcc_s] ==> ignore
    arg [-plugin-opt=-pass-through=-lgcc] ==> ignore
    arg [-plugin-opt=-pass-through=-lc] ==> ignore
    arg [-plugin-opt=-pass-through=-lgcc_s] ==> ignore
    arg [-plugin-opt=-pass-through=-lgcc] ==> ignore
    arg [--eh-frame-hdr] ==> ignore
    arg [-m] ==> ignore
    arg [elf_x86_64] ==> ignore
    arg [-export-dynamic] ==> ignore
    arg [-dynamic-linker] ==> ignore
    arg [/lib64/ld-linux-x86-64.so.2] ==> ignore
    arg [-o] ==> ignore
    arg [cmTC_237c4] ==> ignore
    arg [/lib/../lib64/crt1.o] ==> obj [/lib/../lib64/crt1.o]
    arg [/lib/../lib64/crti.o] ==> obj [/lib/../lib64/crti.o]
    arg [/opt/gnu/11.3.0/lib/gcc/x86_64-pc-linux-gnu/11.3.0/crtbegin.o] ==> obj [/opt/gnu/11.3.0/lib/gcc/x86_64-pc-linux-gnu/11.3.0/crtbegin.o]
    arg [-L/opt/gnu/11.3.0/lib/gcc/x86_64-pc-linux-gnu/11.3.0] ==> dir [/opt/gnu/11.3.0/lib/gcc/x86_64-pc-linux-gnu/11.3.0]
    arg [-L/opt/gnu/11.3.0/lib/gcc/x86_64-pc-linux-gnu/11.3.0/../../../../lib64] ==> dir [/opt/gnu/11.3.0/lib/gcc/x86_64-pc-linux-gnu/11.3.0/../../../../lib64]
    arg [-L/lib/../lib64] ==> dir [/lib/../lib64]
    arg [-L/usr/lib/../lib64] ==> dir [/usr/lib/../lib64]
    arg [-L/opt/gnu/11.3.0/lib/gcc/x86_64-pc-linux-gnu/11.3.0/../../..] ==> dir [/opt/gnu/11.3.0/lib/gcc/x86_64-pc-linux-gnu/11.3.0/../../..]
    arg [CMakeFiles/cmTC_237c4.dir/CMakeCXXCompilerABI.cpp.o] ==> ignore
    arg [-lstdc++] ==> lib [stdc++]
    arg [-lm] ==> lib [m]
    arg [-lgcc_s] ==> lib [gcc_s]
    arg [-lgcc] ==> lib [gcc]
    arg [-lc] ==> lib [c]
    arg [-lgcc_s] ==> lib [gcc_s]
    arg [-lgcc] ==> lib [gcc]
    arg [/opt/gnu/11.3.0/lib/gcc/x86_64-pc-linux-gnu/11.3.0/crtend.o] ==> obj [/opt/gnu/11.3.0/lib/gcc/x86_64-pc-linux-gnu/11.3.0/crtend.o]
    arg [/lib/../lib64/crtn.o] ==> obj [/lib/../lib64/crtn.o]
  collapse obj [/lib/../lib64/crt1.o] ==> [/lib64/crt1.o]
  collapse obj [/lib/../lib64/crti.o] ==> [/lib64/crti.o]
  collapse obj [/lib/../lib64/crtn.o] ==> [/lib64/crtn.o]
  collapse library dir [/opt/gnu/11.3.0/lib/gcc/x86_64-pc-linux-gnu/11.3.0] ==> [/opt/gnu/11.3.0/lib/gcc/x86_64-pc-linux-gnu/11.3.0]
  collapse library dir [/opt/gnu/11.3.0/lib/gcc/x86_64-pc-linux-gnu/11.3.0/../../../../lib64] ==> [/opt/gnu/11.3.0/lib64]
  collapse library dir [/lib/../lib64] ==> [/lib64]
  collapse library dir [/usr/lib/../lib64] ==> [/usr/lib64]
  collapse library dir [/opt/gnu/11.3.0/lib/gcc/x86_64-pc-linux-gnu/11.3.0/../../..] ==> [/opt/gnu/11.3.0/lib]
  implicit libs: [stdc++;m;gcc_s;gcc;c;gcc_s;gcc]
  implicit objs: [/lib64/crt1.o;/lib64/crti.o;/opt/gnu/11.3.0/lib/gcc/x86_64-pc-linux-gnu/11.3.0/crtbegin.o;/opt/gnu/11.3.0/lib/gcc/x86_64-pc-linux-gnu/11.3.0/crtend.o;/lib64/crtn.o]
  implicit dirs: [/opt/gnu/11.3.0/lib/gcc/x86_64-pc-linux-gnu/11.3.0;/opt/gnu/11.3.0/lib64;/lib64;/usr/lib64;/opt/gnu/11.3.0/lib]
  implicit fwks: []


Determining if the include file pthread.h exists passed with the following output:
Change Dir: /home/sstaccone/project/parallel_matrix_multiplication/cuda/CMakeFiles/CMakeTmp

Run Build Command(s):/usr/bin/gmake -f Makefile cmTC_ad86d/fast && /usr/bin/gmake  -f CMakeFiles/cmTC_ad86d.dir/build.make CMakeFiles/cmTC_ad86d.dir/build
gmake[1]: Entering directory '/home/sstaccone/project/parallel_matrix_multiplication/cuda/CMakeFiles/CMakeTmp'
Building C object CMakeFiles/cmTC_ad86d.dir/CheckIncludeFile.c.o
/opt/gnu/11.3.0/bin/gcc   -fPIC  -o CMakeFiles/cmTC_ad86d.dir/CheckIncludeFile.c.o -c /home/sstaccone/project/parallel_matrix_multiplication/cuda/CMakeFiles/CMakeTmp/CheckIncludeFile.c
Linking C executable cmTC_ad86d
/usr/bin/cmake -E cmake_link_script CMakeFiles/cmTC_ad86d.dir/link.txt --verbose=1
/opt/gnu/11.3.0/bin/gcc -fPIC  -rdynamic CMakeFiles/cmTC_ad86d.dir/CheckIncludeFile.c.o -o cmTC_ad86d 
gmake[1]: Leaving directory '/home/sstaccone/project/parallel_matrix_multiplication/cuda/CMakeFiles/CMakeTmp'



Performing C SOURCE FILE Test CMAKE_HAVE_LIBC_PTHREAD succeeded with the following output:
Change Dir: /home/sstaccone/project/parallel_matrix_multiplication/cuda/CMakeFiles/CMakeTmp

Run Build Command(s):/usr/bin/gmake -f Makefile cmTC_48839/fast && /usr/bin/gmake  -f CMakeFiles/cmTC_48839.dir/build.make CMakeFiles/cmTC_48839.dir/build
gmake[1]: Entering directory '/home/sstaccone/project/parallel_matrix_multiplication/cuda/CMakeFiles/CMakeTmp'
Building C object CMakeFiles/cmTC_48839.dir/src.c.o
/opt/gnu/11.3.0/bin/gcc -DCMAKE_HAVE_LIBC_PTHREAD  -fPIC  -o CMakeFiles/cmTC_48839.dir/src.c.o -c /home/sstaccone/project/parallel_matrix_multiplication/cuda/CMakeFiles/CMakeTmp/src.c
Linking C executable cmTC_48839
/usr/bin/cmake -E cmake_link_script CMakeFiles/cmTC_48839.dir/link.txt --verbose=1
/opt/gnu/11.3.0/bin/gcc -fPIC  -rdynamic CMakeFiles/cmTC_48839.dir/src.c.o -o cmTC_48839 
gmake[1]: Leaving directory '/home/sstaccone/project/parallel_matrix_multiplication/cuda/CMakeFiles/CMakeTmp'


Source file was:
#include <pthread.h>

static void* test_func(void* data)
{
  return data;
}

int main(void)
{
  pthread_t thread;
  pthread_create(&thread, NULL, test_func, NULL);
  pthread_detach(thread);
  pthread_cancel(thread);
  pthread_join(thread, NULL);
  pthread_atfork(NULL, NULL, NULL);
  pthread_exit(NULL);

  return 0;
}

